This is pdfTeX, Version 3.1415926-1.40.10 (TeX Live 2009) (format=pdflatex 2009.11.7)  30 APR 2010 16:22
entering extended mode
 \write18 enabled.
 %&-line parsing enabled.
**final.tex
(./final.tex
LaTeX2e <2009/09/24>
Babel <v3.8l> and hyphenation patterns for english, usenglishmax, dumylang, noh
yphenation, german-x-2009-06-19, ngerman-x-2009-06-19, ancientgreek, ibycus, ar
abic, basque, bulgarian, catalan, pinyin, coptic, croatian, czech, danish, dutc
h, esperanto, estonian, farsi, finnish, french, galician, german, ngerman, mono
greek, greek, hungarian, icelandic, indonesian, interlingua, irish, italian, ku
rmanji, latin, latvian, lithuanian, mongolian, mongolian2a, bokmal, nynorsk, po
lish, portuguese, romanian, russian, sanskrit, serbian, slovak, slovenian, span
ish, swedish, turkish, ukenglish, ukrainian, uppersorbian, welsh, loaded.
(/usr/local/texlive/2009/texmf-dist/tex/latex/base/article.cls
Document Class: article 2007/10/19 v1.4h Standard LaTeX document class
(/usr/local/texlive/2009/texmf-dist/tex/latex/base/size10.clo
File: size10.clo 2007/10/19 v1.4h Standard LaTeX file (size option)
)
\c@part=\count79
\c@section=\count80
\c@subsection=\count81
\c@subsubsection=\count82
\c@paragraph=\count83
\c@subparagraph=\count84
\c@figure=\count85
\c@table=\count86
\abovecaptionskip=\skip41
\belowcaptionskip=\skip42
\bibindent=\dimen102
) (./project.sty
(/usr/local/texlive/2009/texmf-dist/tex/latex/amsfonts/amssymb.sty
Package: amssymb 2009/06/22 v3.00

(/usr/local/texlive/2009/texmf-dist/tex/latex/amsfonts/amsfonts.sty
Package: amsfonts 2009/06/22 v3.00 Basic AMSFonts support
\@emptytoks=\toks14
\symAMSa=\mathgroup4
\symAMSb=\mathgroup5
LaTeX Font Info:    Overwriting math alphabet `\mathfrak' in version `bold'
(Font)                  U/euf/m/n --> U/euf/b/n on input line 96.
))
(/usr/local/texlive/2009/texmf-dist/tex/latex/lkproof/proof.sty
\inferLineSkip=\dimen103
\inferLabelSkip=\dimen104
\@LeftOffset=\dimen105
\@RightOffset=\dimen106
\@SavedLeftOffset=\dimen107
\UpperWidth=\dimen108
\LowerWidth=\dimen109
\LowerHeight=\dimen110
\UpperLeftOffset=\dimen111
\UpperRightOffset=\dimen112
\UpperCenter=\dimen113
\LowerCenter=\dimen114
\UpperAdjust=\dimen115
\RuleAdjust=\dimen116
\LowerAdjust=\dimen117
\RuleWidth=\dimen118
\HLabelAdjust=\dimen119
\VLabelAdjust=\dimen120
\WidthAdjust=\dimen121
\@UpperPart=\box26
\@LowerPart=\box27
\@LabelPart=\box28
\ResultBox=\box29
)
(/usr/local/texlive/2009/texmf-dist/tex/latex/hyperref/hyperref.sty
Package: hyperref 2009/10/09 v6.79a Hypertext links for LaTeX

(/usr/local/texlive/2009/texmf-dist/tex/latex/graphics/keyval.sty
Package: keyval 1999/03/16 v1.13 key=value parser (DPC)
\KV@toks@=\toks15
)
(/usr/local/texlive/2009/texmf-dist/tex/generic/oberdiek/ifpdf.sty
Package: ifpdf 2009/04/10 v2.0 Provides the ifpdf switch (HO)
Package ifpdf Info: pdfTeX in pdf mode detected.
)
(/usr/local/texlive/2009/texmf-dist/tex/generic/oberdiek/ifvtex.sty
Package: ifvtex 2008/11/04 v1.4 Switches for detecting VTeX and its modes (HO)
Package ifvtex Info: VTeX not detected.
)
(/usr/local/texlive/2009/texmf-dist/tex/generic/ifxetex/ifxetex.sty
Package: ifxetex 2009/01/23 v0.5 Provides ifxetex conditional
)
(/usr/local/texlive/2009/texmf-dist/tex/latex/oberdiek/hycolor.sty
Package: hycolor 2009/10/02 v1.5 Code for color options of hyperref/bookmark (H
O)

(/usr/local/texlive/2009/texmf-dist/tex/latex/oberdiek/xcolor-patch.sty
Package: xcolor-patch 2009/10/02 xcolor patch
))
\@linkdim=\dimen122
\Hy@linkcounter=\count87
\Hy@pagecounter=\count88

(/usr/local/texlive/2009/texmf-dist/tex/latex/hyperref/pd1enc.def
File: pd1enc.def 2009/10/09 v6.79a Hyperref: PDFDocEncoding definition (HO)
)
(/usr/local/texlive/2009/texmf-dist/tex/generic/oberdiek/etexcmds.sty
Package: etexcmds 2007/12/12 v1.2 Prefix for e-TeX command names (HO)

(/usr/local/texlive/2009/texmf-dist/tex/generic/oberdiek/infwarerr.sty
Package: infwarerr 2007/09/09 v1.2 Providing info/warning/message (HO)
)
Package etexcmds Info: Could not find \expanded.
(etexcmds)             That can mean that you are not using pdfTeX 1.50 or
(etexcmds)             that some package has redefined \expanded.
(etexcmds)             In the latter case, load this package earlier.
)
(/usr/local/texlive/2009/texmf-dist/tex/latex/latexconfig/hyperref.cfg
File: hyperref.cfg 2002/06/06 v1.2 hyperref configuration of TeXLive
)
(/usr/local/texlive/2009/texmf-dist/tex/latex/oberdiek/kvoptions.sty
Package: kvoptions 2009/08/13 v3.4 Keyval support for LaTeX options (HO)

(/usr/local/texlive/2009/texmf-dist/tex/generic/oberdiek/kvsetkeys.sty
Package: kvsetkeys 2009/07/30 v1.5 Key value parser with default handler suppor
t (HO)
))
Package hyperref Info: Option `breaklinks' set `true' on input line 2864.
Package hyperref Info: Option `colorlinks' set `true' on input line 2864.
Package hyperref Info: Hyper figures OFF on input line 2975.
Package hyperref Info: Link nesting OFF on input line 2980.
Package hyperref Info: Hyper index ON on input line 2983.
Package hyperref Info: Plain pages OFF on input line 2990.
Package hyperref Info: Backreferencing OFF on input line 2995.

Implicit mode ON; LaTeX internals redefined
Package hyperref Info: Bookmarks ON on input line 3191.
(/usr/local/texlive/2009/texmf-dist/tex/latex/ltxmisc/url.sty
\Urlmuskip=\muskip10
Package: url 2006/04/12  ver 3.3  Verb mode for urls, etc.
)
LaTeX Info: Redefining \url on input line 3428.

(/usr/local/texlive/2009/texmf-dist/tex/generic/oberdiek/bitset.sty
Package: bitset 2007/09/28 v1.0 Data type bit set (HO)

(/usr/local/texlive/2009/texmf-dist/tex/generic/oberdiek/intcalc.sty
Package: intcalc 2007/09/27 v1.1 Expandable integer calculations (HO)
)
(/usr/local/texlive/2009/texmf-dist/tex/generic/oberdiek/bigintcalc.sty
Package: bigintcalc 2007/11/11 v1.1 Expandable big integer calculations (HO)

(/usr/local/texlive/2009/texmf-dist/tex/generic/oberdiek/pdftexcmds.sty
Package: pdftexcmds 2009/09/23 v0.6 LuaTeX support for pdfTeX utility functions
 (HO)

(/usr/local/texlive/2009/texmf-dist/tex/generic/oberdiek/ifluatex.sty
Package: ifluatex 2009/04/17 v1.2 Provides the ifluatex switch (HO)
Package ifluatex Info: LuaTeX not detected.
)
(/usr/local/texlive/2009/texmf-dist/tex/generic/oberdiek/ltxcmds.sty
Package: ltxcmds 2009/08/05 v1.0 Some LaTeX kernel commands for general use (HO
)
)
Package pdftexcmds Info: LuaTeX not detected.
Package pdftexcmds Info: \pdf@primitive is available.
Package pdftexcmds Info: \pdf@ifprimitive is available.
)))
\Fld@menulength=\count89
\Field@Width=\dimen123
\Fld@charsize=\dimen124
\Field@toks=\toks16
Package hyperref Info: Hyper figures OFF on input line 4377.
Package hyperref Info: Link nesting OFF on input line 4382.
Package hyperref Info: Hyper index ON on input line 4385.
Package hyperref Info: backreferencing OFF on input line 4392.
Package hyperref Info: Link coloring ON on input line 4395.
Package hyperref Info: Link coloring with OCG OFF on input line 4402.
Package hyperref Info: PDF/A mode OFF on input line 4407.

(/usr/local/texlive/2009/texmf-dist/tex/generic/oberdiek/atbegshi.sty
Package: atbegshi 2008/07/31 v1.9 At begin shipout hook (HO)
)
\Hy@abspage=\count90
\c@Item=\count91
\c@Hfootnote=\count92
)
*hyperref using default driver hpdftex*
(/usr/local/texlive/2009/texmf-dist/tex/latex/hyperref/hpdftex.def
File: hpdftex.def 2009/10/09 v6.79a Hyperref driver for pdfTeX
\Fld@listcount=\count93
)
(/usr/local/texlive/2009/texmf-dist/tex/latex/fancyhdr/fancyhdr.sty
\fancy@headwidth=\skip43
\f@ncyO@elh=\skip44
\f@ncyO@erh=\skip45
\f@ncyO@olh=\skip46
\f@ncyO@orh=\skip47
\f@ncyO@elf=\skip48
\f@ncyO@erf=\skip49
\f@ncyO@olf=\skip50
\f@ncyO@orf=\skip51
))
(/usr/local/texlive/2009/texmf-dist/tex/latex/graphics/graphicx.sty
Package: graphicx 1999/02/16 v1.0f Enhanced LaTeX Graphics (DPC,SPQR)

(/usr/local/texlive/2009/texmf-dist/tex/latex/graphics/graphics.sty
Package: graphics 2009/02/05 v1.0o Standard LaTeX Graphics (DPC,SPQR)

(/usr/local/texlive/2009/texmf-dist/tex/latex/graphics/trig.sty
Package: trig 1999/03/16 v1.09 sin cos tan (DPC)
)
(/usr/local/texlive/2009/texmf-dist/tex/latex/latexconfig/graphics.cfg
File: graphics.cfg 2009/08/28 v1.8 graphics configuration of TeX Live
)
Package graphics Info: Driver file: pdftex.def on input line 91.

(/usr/local/texlive/2009/texmf-dist/tex/latex/pdftex-def/pdftex.def
File: pdftex.def 2009/08/25 v0.04m Graphics/color for pdfTeX
\Gread@gobject=\count94
))
\Gin@req@height=\dimen125
\Gin@req@width=\dimen126
)
(./final.aux)
\openout1 = `final.aux'.

LaTeX Font Info:    Checking defaults for OML/cmm/m/it on input line 10.
LaTeX Font Info:    ... okay on input line 10.
LaTeX Font Info:    Checking defaults for T1/cmr/m/n on input line 10.
LaTeX Font Info:    ... okay on input line 10.
LaTeX Font Info:    Checking defaults for OT1/cmr/m/n on input line 10.
LaTeX Font Info:    ... okay on input line 10.
LaTeX Font Info:    Checking defaults for OMS/cmsy/m/n on input line 10.
LaTeX Font Info:    ... okay on input line 10.
LaTeX Font Info:    Checking defaults for OMX/cmex/m/n on input line 10.
LaTeX Font Info:    ... okay on input line 10.
LaTeX Font Info:    Checking defaults for U/cmr/m/n on input line 10.
LaTeX Font Info:    ... okay on input line 10.
LaTeX Font Info:    Checking defaults for PD1/pdf/m/n on input line 10.
LaTeX Font Info:    ... okay on input line 10.
LaTeX Font Info:    Try loading font information for OT1+ppl on input line 10.
 (/usr/local/texlive/2009/texmf-dist/tex/latex/psnfss/ot1ppl.fd
File: ot1ppl.fd 2001/06/04 font definitions for OT1/ppl.
)
(/usr/local/texlive/2009/texmf-dist/tex/latex/graphics/color.sty
Package: color 2005/11/14 v1.0j Standard LaTeX Color (DPC)

(/usr/local/texlive/2009/texmf-dist/tex/latex/latexconfig/color.cfg
File: color.cfg 2007/01/18 v1.5 color configuration of teTeX/TeXLive
)
Package color Info: Driver file: pdftex.def on input line 130.
)
Package hyperref Info: Link coloring ON on input line 10.

(/usr/local/texlive/2009/texmf-dist/tex/latex/hyperref/nameref.sty
Package: nameref 2007/05/29 v2.31 Cross-referencing by name of section

(/usr/local/texlive/2009/texmf-dist/tex/latex/oberdiek/refcount.sty
Package: refcount 2008/08/11 v3.1 Data extraction from references (HO)
)
\c@section@level=\count95
)
LaTeX Info: Redefining \ref on input line 10.
LaTeX Info: Redefining \pageref on input line 10.

(./final.out) (./final.out)
\@outlinefile=\write3
\openout3 = `final.out'.

\AtBeginShipoutBox=\box30

(/usr/local/texlive/2009/texmf-dist/tex/context/base/supp-pdf.mkii
[Loading MPS to PDF converter (version 2006.09.02).]
\scratchcounter=\count96
\scratchdimen=\dimen127
\scratchbox=\box31
\nofMPsegments=\count97
\nofMParguments=\count98
\everyMPshowfont=\toks17
\MPscratchCnt=\count99
\MPscratchDim=\dimen128
\MPnumerator=\count100
\everyMPtoPDFconversion=\toks18
)
LaTeX Font Info:    Try loading font information for U+msa on input line 13.
 (/usr/local/texlive/2009/texmf-dist/tex/latex/amsfonts/umsa.fd
File: umsa.fd 2009/06/22 v3.00 AMS symbols A
)
LaTeX Font Info:    Try loading font information for U+msb on input line 13.

(/usr/local/texlive/2009/texmf-dist/tex/latex/amsfonts/umsb.fd
File: umsb.fd 2009/06/22 v3.00 AMS symbols B
)
LaTeX Font Info:    Font shape `OT1/ppl/bx/n' in size <14.4> not available
(Font)              Font shape `OT1/ppl/b/n' tried instead on input line 14.

Underfull \hbox (badness 10000) in paragraph at lines 23--24
[]\OT1/ppl/m/n/10 Some other pa-pers de-scrib-ing ex-ten-
 []


Underfull \hbox (badness 10000) in paragraph at lines 23--24
\OT1/ppl/m/n/10 sions to the RRT al-go-rithm which in-clude
 []

[1{/usr/local/texlive/2009/texmf-var/fonts/map/pdftex/updmap/pdftex.map}


]
LaTeX Font Info:    Font shape `OT1/ppl/bx/n' in size <12> not available
(Font)              Font shape `OT1/ppl/b/n' tried instead on input line 45.
LaTeX Font Info:    Font shape `OT1/ppl/bx/n' in size <10> not available
(Font)              Font shape `OT1/ppl/b/n' tried instead on input line 72.

[2] [3]
Underfull \hbox (badness 1087) in paragraph at lines 222--223
\OT1/ppl/m/n/10 We are now in a sit-u-a-tion were the world has
 []


Underfull \vbox (badness 1057) has occurred while \output is active []

LaTeX Font Info:    Try loading font information for OMS+ppl on input line 231.


(/usr/local/texlive/2009/texmf-dist/tex/latex/psnfss/omsppl.fd
File: omsppl.fd 
)
LaTeX Font Info:    Font shape `OMS/ppl/m/n' in size <10> not available
(Font)              Font shape `OMS/cmsy/m/n' tried instead on input line 231.

Underfull \hbox (badness 2653) in paragraph at lines 233--234
[]\OT1/ppl/m/n/10 (DVL) pull the di-rec-tional in-for-ma-tion
 []

[4] (./final.bbl
Missing character: There is no Ã in font pplr7t!
Missing character: There is no © in font pplr7t!
Missing character: There is no Ã in font pplr7t!
Missing character: There is no © in font pplr7t!

Underfull \hbox (badness 1728) in paragraph at lines 22--25
[]\OT1/ppl/m/n/10 Stephen R. Lin-de-mann and Steven M.
 []

) <paper_world.png, id=95, 1013.7875pt x 612.2875pt>
File: paper_world.png Graphic file (type png)
 <use paper_world.png>
[5] <cluttered_world.png, id=106, 1013.7875pt x 612.2875pt>
File: cluttered_world.png Graphic file (type png)

<use cluttered_world.png> <prop_world.png, id=107, 1013.7875pt x 612.2875pt>
File: prop_world.png Graphic file (type png)

<use prop_world.png>

LaTeX Warning: `h' float specifier changed to `ht'.

<maze_wc.png, id=108, 1208.515pt x 620.3175pt>
File: maze_wc.png Graphic file (type png)
 <use maze_wc.png>

LaTeX Warning: `h' float specifier changed to `ht'.

<obstructed_wc.png, id=109, 1208.515pt x 629.35126pt>
File: obstructed_wc.png Graphic file (type png)
 <use obstructed_wc.png>

LaTeX Warning: `h' float specifier changed to `ht'.

<cluttered_wc.png, id=110, 1208.515pt x 628.3475pt>
File: cluttered_wc.png Graphic file (type png)
 <use cluttered_wc.png>

LaTeX Warning: `h' float specifier changed to `ht'.

[6 <./paper_world.png (PNG copy)> <./cluttered_world.png (PNG copy)> <./prop_wo
rld.png (PNG copy)> <./maze_wc.png (PNG copy)> <./obstructed_wc.png (PNG copy)>
] [7

 <./cluttered_wc.png (PNG copy)>] (./final.aux) ) 
Here is how much of TeX's memory you used:
 4824 strings out of 493848
 69587 string characters out of 3149207
 148955 words of memory out of 3000000
 7971 multiletter control sequences out of 15000+200000
 23289 words of font info for 65 fonts, out of 3000000 for 9000
 714 hyphenation exceptions out of 8191
 45i,11n,45p,818b,359s stack positions out of 5000i,500n,10000p,200000b,50000s
{/usr/local/texlive/2009/texmf
-dist/fonts/enc/dvips/base/8r.enc}</usr/local/texlive/2009/texmf-dist/fonts/typ
e1/public/amsfonts/cm/cmmi10.pfb></usr/local/texlive/2009/texmf-dist/fonts/type
1/public/amsfonts/cm/cmr10.pfb></usr/local/texlive/2009/texmf-dist/fonts/type1/
public/amsfonts/cm/cmsy10.pfb></usr/local/texlive/2009/texmf-dist/fonts/type1/p
ublic/amsfonts/cm/cmsy7.pfb></usr/local/texlive/2009/texmf-dist/fonts/type1/urw
/palatino/uplb8a.pfb></usr/local/texlive/2009/texmf-dist/fonts/type1/urw/palati
no/uplr8a.pfb></usr/local/texlive/2009/texmf-dist/fonts/type1/urw/palatino/uplr
i8a.pfb>
Output written on final.pdf (7 pages, 743150 bytes).
PDF statistics:
 159 PDF objects out of 1000 (max. 8388607)
 37 named destinations out of 1000 (max. 500000)
 127 words of extra memory for PDF output out of 10000 (max. 10000000)

